<?xml version="1.0" encoding="UTF-8"?>
<!-- Generated by org.testng.reporters.JUnitReportReporter -->
<testsuite hostname="DESKTOP-ARF3BKM" failures="0" tests="2" name="com.qa.makemytrip.te" time="0.008" errors="0" timestamp="2023-06-21T21:08:06 IST" skipped="0">
  <testcase classname="com.qa.makemytrip.te" name="tc" time="0.004"/>
  <system-out/>
  <testcase classname="com.qa.makemytrip.te" name="ts" time="0.004"/>
  <system-out/>
</testsuite> <!-- com.qa.makemytrip.te -->
