<?xml version="1.0" encoding="UTF-8"?>
<!-- Generated by org.testng.reporters.JUnitReportReporter -->
<testsuite hostname="DESKTOP-ARF3BKM" failures="0" tests="7" name="com.qa.makemytrip.Holidays_packages" time="117.051" errors="0" timestamp="2023-06-28T09:54:13 IST" skipped="0">
  <testcase classname="com.qa.makemytrip.Holidays_packages" name="departure" time="21.652"/>
  <system-out/>
  <testcase classname="com.qa.makemytrip.Holidays_packages" name="pop_up_handle" time="18.504"/>
  <system-out/>
  <testcase classname="com.qa.makemytrip.Holidays_packages" name="hotel_room_booking" time="27.995"/>
  <system-out/>
  <testcase classname="com.qa.makemytrip.Holidays_packages" name="change_room_booking" time="1.369"/>
  <system-out/>
  <testcase classname="com.qa.makemytrip.Holidays_packages" name="Add_activity" time="18.923"/>
  <system-out/>
  <testcase classname="com.qa.makemytrip.Holidays_packages" name="Activity_validate" time="0.032"/>
  <system-out/>
  <testcase classname="com.qa.makemytrip.Holidays_packages" name="Selected_hotal_and_Activity_validate" time="28.576"/>
  <system-out/>
</testsuite> <!-- com.qa.makemytrip.Holidays_packages -->
